<?xml version="1.0" encoding="UTF-8" standalone="no"?>
<!DOCTYPE log SYSTEM "logger.dtd">
<log>
<record>
  <date>2018-08-27T17:30:31.777-0300</date>
  <logger>JULIA FERNANDES ALVES</logger>
  <level>FINE</level>
  <message>File 117211383-JULIA FERNANDES ALVES.zip was received. It was sent by JULIA FERNANDES ALVES from IP 150.165.42.104</message>
</record>
</log>
<?xml version="1.0" encoding="UTF-8" standalone="no"?>
<!DOCTYPE log SYSTEM "logger.dtd">
<log>
<record>
  <date>2018-08-30T14:10:55.134-0300</date>
  <logger>JULIA FERNANDES ALVES</logger>
  <level>FINE</level>
  <message>File 117211383-JULIA FERNANDES ALVES.zip was received. It was sent by JULIA FERNANDES ALVES from IP 150.165.42.103</message>
</record>
</log>
<?xml version="1.0" encoding="UTF-8" standalone="no"?>
<!DOCTYPE log SYSTEM "logger.dtd">
<log>
<record>
  <date>2018-08-30T15:27:22.828-0300</date>
  <logger>JULIA FERNANDES ALVES</logger>
  <level>FINE</level>
  <message>File 117211383-JULIA FERNANDES ALVES.zip was received. It was sent by JULIA FERNANDES ALVES from IP 150.165.42.103</message>
</record>
